Using pre-set license
Built from '2021.3/staging' branch; Version is '2021.3.23f1 (213b516bf396) revision 2177873'; Using compiler version '192829333'; Build Type 'Release'
OS: 'Windows 11  (10.0.22631) 64bit Core' Language: 'ja' Physical Memory: 16171 MB
BatchMode: 1, IsHumanControllingUs: 0, StartBugReporterOnCrash: 0, Is64bit: 1, IsPro: 1

COMMAND LINE ARGUMENTS:
C:\Program Files\Unity\Hub\Editor\2021.3.23f1\Editor\Unity.exe
-adb2
-batchMode
-noUpm
-name
AssetImportWorker4
-projectPath
C:/Users/owner/Desktop/MazeRepository/Maze
-logFile
Logs/AssetImportWorker4.log
-srvPort
63657
Successfully changed project path to: C:/Users/owner/Desktop/MazeRepository/Maze
C:/Users/owner/Desktop/MazeRepository/Maze
[UnityMemory] Configuration Parameters - Can be set up in boot.config
    "memorysetup-bucket-allocator-granularity=16"
    "memorysetup-bucket-allocator-bucket-count=8"
    "memorysetup-bucket-allocator-block-size=33554432"
    "memorysetup-bucket-allocator-block-count=8"
    "memorysetup-main-allocator-block-size=16777216"
    "memorysetup-thread-allocator-block-size=16777216"
    "memorysetup-gfx-main-allocator-block-size=16777216"
    "memorysetup-gfx-thread-allocator-block-size=16777216"
    "memorysetup-cache-allocator-block-size=4194304"
    "memorysetup-typetree-allocator-block-size=2097152"
    "memorysetup-profiler-bucket-allocator-granularity=16"
    "memorysetup-profiler-bucket-allocator-bucket-count=8"
    "memorysetup-profiler-bucket-allocator-block-size=33554432"
    "memorysetup-profiler-bucket-allocator-block-count=8"
    "memorysetup-profiler-allocator-block-size=16777216"
    "memorysetup-profiler-editor-allocator-block-size=1048576"
    "memorysetup-temp-allocator-size-main=16777216"
    "memorysetup-job-temp-allocator-block-size=2097152"
    "memorysetup-job-temp-allocator-block-size-background=1048576"
    "memorysetup-job-temp-allocator-reduction-small-platforms=262144"
    "memorysetup-temp-allocator-size-background-worker=32768"
    "memorysetup-temp-allocator-size-job-worker=262144"
    "memorysetup-temp-allocator-size-preload-manager=33554432"
    "memorysetup-temp-allocator-size-nav-mesh-worker=65536"
    "memorysetup-temp-allocator-size-audio-worker=65536"
    "memorysetup-temp-allocator-size-cloud-worker=32768"
    "memorysetup-temp-allocator-size-gi-baking-worker=262144"
    "memorysetup-temp-allocator-size-gfx=262144"
Player connection [36376] Host "[IP] 192.168.40.248 [Port] 0 [Flags] 2 [Guid] 1788066902 [EditorId] 1788066902 [Version] 1048832 [Id] WindowsEditor(7,TAKESHIPC) [Debug] 1 [PackageName] WindowsEditor [ProjectName] Editor" joined multi-casting on [225.0.0.222:54997]...

Player connection [36376] Host "[IP] 192.168.40.248 [Port] 0 [Flags] 2 [Guid] 1788066902 [EditorId] 1788066902 [Version] 1048832 [Id] WindowsEditor(7,TAKESHIPC) [Debug] 1 [PackageName] WindowsEditor [ProjectName] Editor" joined alternative multi-casting on [225.0.0.222:34997]...

Refreshing native plugins compatible for Editor in 59.31 ms, found 5 plugins.
Preloading 0 native plugins for Editor in 0.00 ms.
Initialize engine version: 2021.3.23f1 (213b516bf396)
[Subsystems] Discovering subsystems at path C:/Program Files/Unity/Hub/Editor/2021.3.23f1/Editor/Data/Resources/UnitySubsystems
[Subsystems] Discovering subsystems at path C:/Users/owner/Desktop/MazeRepository/Maze/Assets
GfxDevice: creating device client; threaded=0; jobified=0
Direct3D:
    Version:  Direct3D 11.0 [level 11.1]
    Renderer: NVIDIA GeForce RTX 3050 (ID=0x2507)
    Vendor:   NVIDIA
    VRAM:     8056 MB
    Driver:   31.0.15.3623
Initialize mono
Mono path[0] = 'C:/Program Files/Unity/Hub/Editor/2021.3.23f1/Editor/Data/Managed'
Mono path[1] = 'C:/Program Files/Unity/Hub/Editor/2021.3.23f1/Editor/Data/MonoBleedingEdge/lib/mono/unityjit-win32'
Mono config path = 'C:/Program Files/Unity/Hub/Editor/2021.3.23f1/Editor/Data/MonoBleedingEdge/etc'
Using monoOptions --debugger-agent=transport=dt_socket,embedding=1,server=y,suspend=n,address=127.0.0.1:56828
Begin MonoManager ReloadAssembly
Registering precompiled unity dll's ...
Register platform support module: C:/Program Files/Unity/Hub/Editor/2021.3.23f1/Editor/Data/PlaybackEngines/WindowsStandaloneSupport/UnityEditor.WindowsStandalone.Extensions.dll
Registered in 0.002614 seconds.
Native extension for WindowsStandalone target not found
Refreshing native plugins compatible for Editor in 61.09 ms, found 5 plugins.
Preloading 0 native plugins for Editor in 0.00 ms.
Mono: successfully reloaded assembly
- Completed reload, in  0.498 seconds
Domain Reload Profiling:
	ReloadAssembly (498ms)
		BeginReloadAssembly (69ms)
			ExecutionOrderSort (0ms)
			DisableScriptedObjects (0ms)
			BackupInstance (0ms)
			ReleaseScriptingObjects (0ms)
			CreateAndSetChildDomain (1ms)
		EndReloadAssembly (352ms)
			LoadAssemblies (67ms)
			RebuildTransferFunctionScriptingTraits (0ms)
			SetupTypeCache (87ms)
			ReleaseScriptCaches (0ms)
			RebuildScriptCaches (27ms)
			SetupLoadedEditorAssemblies (196ms)
				LogAssemblyErrors (0ms)
				InitializePlatformSupportModulesInManaged (6ms)
				SetLoadedEditorAssemblies (0ms)
				RefreshPlugins (61ms)
				BeforeProcessingInitializeOnLoad (1ms)
				ProcessInitializeOnLoadAttributes (93ms)
				ProcessInitializeOnLoadMethodAttributes (34ms)
				AfterProcessingInitializeOnLoad (0ms)
				EditorAssembliesLoaded (0ms)
			ExecutionOrderSort2 (0ms)
			AwakeInstancesAfterBackupRestoration (0ms)
Platform modules already initialized, skipping
Registering precompiled user dll's ...
Registered in 0.003877 seconds.
Begin MonoManager ReloadAssembly
Symbol file LoadedFromMemory doesn't match image C:\Users\owner\Desktop\MazeRepository\Maze\Library\PackageCache\com.unity.visualscripting@1.8.0\Editor\VisualScripting.Core\Dependencies\YamlDotNet\Unity.VisualScripting.YamlDotNet.dll
Symbol file LoadedFromMemory doesn't match image C:\Users\owner\Desktop\MazeRepository\Maze\Library\PackageCache\com.unity.visualscripting@1.8.0\Editor\VisualScripting.Core\Dependencies\DotNetZip\Unity.VisualScripting.IonicZip.dll
Native extension for WindowsStandalone target not found
Refreshing native plugins compatible for Editor in 0.60 ms, found 5 plugins.
Preloading 0 native plugins for Editor in 0.00 ms.
Mono: successfully reloaded assembly
- Completed reload, in  0.781 seconds
Domain Reload Profiling:
	ReloadAssembly (782ms)
		BeginReloadAssembly (91ms)
			ExecutionOrderSort (0ms)
			DisableScriptedObjects (4ms)
			BackupInstance (0ms)
			ReleaseScriptingObjects (0ms)
			CreateAndSetChildDomain (16ms)
		EndReloadAssembly (605ms)
			LoadAssemblies (68ms)
			RebuildTransferFunctionScriptingTraits (0ms)
			SetupTypeCache (212ms)
			ReleaseScriptCaches (0ms)
			RebuildScriptCaches (39ms)
			SetupLoadedEditorAssemblies (256ms)
				LogAssemblyErrors (0ms)
				InitializePlatformSupportModulesInManaged (4ms)
				SetLoadedEditorAssemblies (0ms)
				RefreshPlugins (1ms)
				BeforeProcessingInitializeOnLoad (59ms)
				ProcessInitializeOnLoadAttributes (173ms)
				ProcessInitializeOnLoadMethodAttributes (14ms)
				AfterProcessingInitializeOnLoad (6ms)
				EditorAssembliesLoaded (0ms)
			ExecutionOrderSort2 (0ms)
			AwakeInstancesAfterBackupRestoration (6ms)
Platform modules already initialized, skipping
========================================================================
Worker process is ready to serve import requests
Launched and connected shader compiler UnityShaderCompiler.exe after 0.04 seconds
Refreshing native plugins compatible for Editor in 0.46 ms, found 5 plugins.
Preloading 0 native plugins for Editor in 0.00 ms.
Unloading 3358 Unused Serialized files (Serialized files now loaded: 0)
Unloading 87 unused Assets / (10.4 MB). Loaded Objects now: 3763.
Memory consumption went from 165.3 MB to 154.9 MB.
Total: 7.162900 ms (FindLiveObjects: 0.233700 ms CreateObjectMapping: 0.085700 ms MarkObjects: 3.214400 ms  DeleteObjects: 3.627800 ms)

AssetImportParameters requested are different than current active one (requested -> active):
  custom:video-decoder-ogg-theora: a1e56fd34408186e4bbccfd4996cb3dc -> 
  custom:container-muxer-webm: aa71ff27fc2769a1b78a27578f13a17b -> 
  custom:container-demuxer-webm: 4f35f7cbe854078d1ac9338744f61a02 -> 
  custom:video-encoder-webm-vp8: eb34c28f22e8b96e1ab97ce403110664 -> 
  custom:audio-encoder-webm-vorbis: bf7c407c2cedff20999df2af8eb42d56 -> 
  custom:framework-win-MediaFoundation: 216162199b28c13a410421893ffa2e32 -> 
  custom:container-demuxer-ogg: 62fdf1f143b41e24485cea50d1cbac27 -> 
  custom:video-decoder-webm-vp8: 9c59270c3fd7afecdb556c50c9e8de78 -> 
  custom:audio-decoder-ogg-vorbis: bf7c407c2cedff20999df2af8eb42d56 -> 
========================================================================
Received Import Request.
  Time since last request: 440733.083062 seconds.
  path: Assets/Audio/ビープ音4.mp3
  artifactKey: Guid(4b8d78131684b4a49992b7b627e927c0) Importer(815301076,1909f56bfc062723c751e8b465ee728b)
Start importing Assets/Audio/ビープ音4.mp3 using Guid(4b8d78131684b4a49992b7b627e927c0) Importer(815301076,1909f56bfc062723c751e8b465ee728b)  -> (artifact id: 'f532b6eb2d0f7e03ce44e1ef9752de02') in 0.097346 seconds 
========================================================================
Received Import Request.
  Time since last request: 5.526641 seconds.
  path: Assets/Audio/OpenSE.mp3
  artifactKey: Guid(4b8d78131684b4a49992b7b627e927c0) Importer(815301076,1909f56bfc062723c751e8b465ee728b)
Start importing Assets/Audio/OpenSE.mp3 using Guid(4b8d78131684b4a49992b7b627e927c0) Importer(815301076,1909f56bfc062723c751e8b465ee728b)  -> (artifact id: 'ee728faf63559d2d34f572e9f27528ee') in 0.033827 seconds 
========================================================================
Received Import Request.
  Time since last request: 1.676505 seconds.
  path: Assets/Audio/決定ボタンを押す11.mp3
  artifactKey: Guid(682dab2a5ce16b14a9cd804713494131) Importer(815301076,1909f56bfc062723c751e8b465ee728b)
Start importing Assets/Audio/決定ボタンを押す11.mp3 using Guid(682dab2a5ce16b14a9cd804713494131) Importer(815301076,1909f56bfc062723c751e8b465ee728b)  -> (artifact id: '618137a4112d5e741463016be077a124') in 0.012034 seconds 
========================================================================
Received Import Request.
  Time since last request: 8.867086 seconds.
  path: Assets/Audio/NotOpenSE.mp3
  artifactKey: Guid(682dab2a5ce16b14a9cd804713494131) Importer(815301076,1909f56bfc062723c751e8b465ee728b)
Start importing Assets/Audio/NotOpenSE.mp3 using Guid(682dab2a5ce16b14a9cd804713494131) Importer(815301076,1909f56bfc062723c751e8b465ee728b)  -> (artifact id: '17d59fb12e7a9c515d7ae81167308aad') in 0.036946 seconds 
========================================================================
Received Prepare
Registering precompiled user dll's ...
Registered in 0.002789 seconds.
Begin MonoManager ReloadAssembly
Symbol file LoadedFromMemory doesn't match image C:\Users\owner\Desktop\MazeRepository\Maze\Library\PackageCache\com.unity.visualscripting@1.8.0\Editor\VisualScripting.Core\Dependencies\YamlDotNet\Unity.VisualScripting.YamlDotNet.dll
Symbol file LoadedFromMemory doesn't match image C:\Users\owner\Desktop\MazeRepository\Maze\Library\PackageCache\com.unity.visualscripting@1.8.0\Editor\VisualScripting.Core\Dependencies\DotNetZip\Unity.VisualScripting.IonicZip.dll
Native extension for WindowsStandalone target not found
Refreshing native plugins compatible for Editor in 0.51 ms, found 5 plugins.
Preloading 0 native plugins for Editor in 0.00 ms.
Mono: successfully reloaded assembly
- Completed reload, in  0.986 seconds
Domain Reload Profiling:
	ReloadAssembly (986ms)
		BeginReloadAssembly (120ms)
			ExecutionOrderSort (0ms)
			DisableScriptedObjects (3ms)
			BackupInstance (0ms)
			ReleaseScriptingObjects (0ms)
			CreateAndSetChildDomain (27ms)
		EndReloadAssembly (771ms)
			LoadAssemblies (85ms)
			RebuildTransferFunctionScriptingTraits (0ms)
			SetupTypeCache (366ms)
			ReleaseScriptCaches (1ms)
			RebuildScriptCaches (39ms)
			SetupLoadedEditorAssemblies (256ms)
				LogAssemblyErrors (0ms)
				InitializePlatformSupportModulesInManaged (4ms)
				SetLoadedEditorAssemblies (0ms)
				RefreshPlugins (1ms)
				BeforeProcessingInitializeOnLoad (51ms)
				ProcessInitializeOnLoadAttributes (177ms)
				ProcessInitializeOnLoadMethodAttributes (18ms)
				AfterProcessingInitializeOnLoad (5ms)
				EditorAssembliesLoaded (0ms)
			ExecutionOrderSort2 (0ms)
			AwakeInstancesAfterBackupRestoration (7ms)
Platform modules already initialized, skipping
Refreshing native plugins compatible for Editor in 1.38 ms, found 5 plugins.
Preloading 0 native plugins for Editor in 0.00 ms.
Unloading 3267 Unused Serialized files (Serialized files now loaded: 0)
Unloading 80 unused Assets / (10.3 MB). Loaded Objects now: 3776.
Memory consumption went from 160.6 MB to 150.2 MB.
Total: 5.517800 ms (FindLiveObjects: 0.200300 ms CreateObjectMapping: 0.081000 ms MarkObjects: 1.705100 ms  DeleteObjects: 3.530600 ms)

AssetImportParameters requested are different than current active one (requested -> active):
  custom:video-decoder-ogg-theora: a1e56fd34408186e4bbccfd4996cb3dc -> 
  custom:container-muxer-webm: aa71ff27fc2769a1b78a27578f13a17b -> 
  custom:container-demuxer-webm: 4f35f7cbe854078d1ac9338744f61a02 -> 
  custom:video-encoder-webm-vp8: eb34c28f22e8b96e1ab97ce403110664 -> 
  custom:audio-encoder-webm-vorbis: bf7c407c2cedff20999df2af8eb42d56 -> 
  custom:framework-win-MediaFoundation: 216162199b28c13a410421893ffa2e32 -> 
  custom:container-demuxer-ogg: 62fdf1f143b41e24485cea50d1cbac27 -> 
  custom:video-decoder-webm-vp8: 9c59270c3fd7afecdb556c50c9e8de78 -> 
  custom:audio-decoder-ogg-vorbis: bf7c407c2cedff20999df2af8eb42d56 -> 
========================================================================
Received Prepare
Registering precompiled user dll's ...
Registered in 0.003596 seconds.
Begin MonoManager ReloadAssembly
Symbol file LoadedFromMemory doesn't match image C:\Users\owner\Desktop\MazeRepository\Maze\Library\PackageCache\com.unity.visualscripting@1.8.0\Editor\VisualScripting.Core\Dependencies\YamlDotNet\Unity.VisualScripting.YamlDotNet.dll
Symbol file LoadedFromMemory doesn't match image C:\Users\owner\Desktop\MazeRepository\Maze\Library\PackageCache\com.unity.visualscripting@1.8.0\Editor\VisualScripting.Core\Dependencies\DotNetZip\Unity.VisualScripting.IonicZip.dll
Native extension for WindowsStandalone target not found
Refreshing native plugins compatible for Editor in 0.61 ms, found 5 plugins.
Preloading 0 native plugins for Editor in 0.00 ms.
Mono: successfully reloaded assembly
- Completed reload, in  0.766 seconds
Domain Reload Profiling:
	ReloadAssembly (767ms)
		BeginReloadAssembly (115ms)
			ExecutionOrderSort (0ms)
			DisableScriptedObjects (6ms)
			BackupInstance (0ms)
			ReleaseScriptingObjects (0ms)
			CreateAndSetChildDomain (30ms)
		EndReloadAssembly (580ms)
			LoadAssemblies (70ms)
			RebuildTransferFunctionScriptingTraits (0ms)
			SetupTypeCache (200ms)
			ReleaseScriptCaches (1ms)
			RebuildScriptCaches (37ms)
			SetupLoadedEditorAssemblies (238ms)
				LogAssemblyErrors (0ms)
				InitializePlatformSupportModulesInManaged (5ms)
				SetLoadedEditorAssemblies (1ms)
				RefreshPlugins (1ms)
				BeforeProcessingInitializeOnLoad (52ms)
				ProcessInitializeOnLoadAttributes (160ms)
				ProcessInitializeOnLoadMethodAttributes (15ms)
				AfterProcessingInitializeOnLoad (5ms)
				EditorAssembliesLoaded (0ms)
			ExecutionOrderSort2 (0ms)
			AwakeInstancesAfterBackupRestoration (6ms)
Platform modules already initialized, skipping
Refreshing native plugins compatible for Editor in 1.45 ms, found 5 plugins.
Preloading 0 native plugins for Editor in 0.00 ms.
Unloading 3267 Unused Serialized files (Serialized files now loaded: 0)
Unloading 80 unused Assets / (10.2 MB). Loaded Objects now: 3779.
Memory consumption went from 160.5 MB to 150.2 MB.
Total: 7.436500 ms (FindLiveObjects: 0.187700 ms CreateObjectMapping: 0.080700 ms MarkObjects: 1.671600 ms  DeleteObjects: 5.495500 ms)

AssetImportParameters requested are different than current active one (requested -> active):
  custom:video-decoder-ogg-theora: a1e56fd34408186e4bbccfd4996cb3dc -> 
  custom:container-muxer-webm: aa71ff27fc2769a1b78a27578f13a17b -> 
  custom:container-demuxer-webm: 4f35f7cbe854078d1ac9338744f61a02 -> 
  custom:video-encoder-webm-vp8: eb34c28f22e8b96e1ab97ce403110664 -> 
  custom:audio-encoder-webm-vorbis: bf7c407c2cedff20999df2af8eb42d56 -> 
  custom:framework-win-MediaFoundation: 216162199b28c13a410421893ffa2e32 -> 
  custom:container-demuxer-ogg: 62fdf1f143b41e24485cea50d1cbac27 -> 
  custom:video-decoder-webm-vp8: 9c59270c3fd7afecdb556c50c9e8de78 -> 
  custom:audio-decoder-ogg-vorbis: bf7c407c2cedff20999df2af8eb42d56 -> 
========================================================================
Received Prepare
Registering precompiled user dll's ...
Registered in 0.004185 seconds.
Begin MonoManager ReloadAssembly
Symbol file LoadedFromMemory doesn't match image C:\Users\owner\Desktop\MazeRepository\Maze\Library\PackageCache\com.unity.visualscripting@1.8.0\Editor\VisualScripting.Core\Dependencies\YamlDotNet\Unity.VisualScripting.YamlDotNet.dll
Symbol file LoadedFromMemory doesn't match image C:\Users\owner\Desktop\MazeRepository\Maze\Library\PackageCache\com.unity.visualscripting@1.8.0\Editor\VisualScripting.Core\Dependencies\DotNetZip\Unity.VisualScripting.IonicZip.dll
Native extension for WindowsStandalone target not found
Refreshing native plugins compatible for Editor in 0.79 ms, found 5 plugins.
Preloading 0 native plugins for Editor in 0.00 ms.
Mono: successfully reloaded assembly
- Completed reload, in  0.793 seconds
Domain Reload Profiling:
	ReloadAssembly (794ms)
		BeginReloadAssembly (109ms)
			ExecutionOrderSort (0ms)
			DisableScriptedObjects (4ms)
			BackupInstance (0ms)
			ReleaseScriptingObjects (0ms)
			CreateAndSetChildDomain (28ms)
		EndReloadAssembly (606ms)
			LoadAssemblies (68ms)
			RebuildTransferFunctionScriptingTraits (0ms)
			SetupTypeCache (224ms)
			ReleaseScriptCaches (3ms)
			RebuildScriptCaches (38ms)
			SetupLoadedEditorAssemblies (235ms)
				LogAssemblyErrors (0ms)
				InitializePlatformSupportModulesInManaged (5ms)
				SetLoadedEditorAssemblies (0ms)
				RefreshPlugins (1ms)
				BeforeProcessingInitializeOnLoad (54ms)
				ProcessInitializeOnLoadAttributes (149ms)
				ProcessInitializeOnLoadMethodAttributes (19ms)
				AfterProcessingInitializeOnLoad (5ms)
				EditorAssembliesLoaded (0ms)
			ExecutionOrderSort2 (0ms)
			AwakeInstancesAfterBackupRestoration (6ms)
Platform modules already initialized, skipping
Refreshing native plugins compatible for Editor in 1.43 ms, found 5 plugins.
Preloading 0 native plugins for Editor in 0.00 ms.
Unloading 3267 Unused Serialized files (Serialized files now loaded: 0)
Unloading 80 unused Assets / (10.2 MB). Loaded Objects now: 3782.
Memory consumption went from 160.4 MB to 150.3 MB.
Total: 6.291500 ms (FindLiveObjects: 0.251400 ms CreateObjectMapping: 0.103100 ms MarkObjects: 1.773900 ms  DeleteObjects: 4.162000 ms)

AssetImportParameters requested are different than current active one (requested -> active):
  custom:video-decoder-ogg-theora: a1e56fd34408186e4bbccfd4996cb3dc -> 
  custom:container-muxer-webm: aa71ff27fc2769a1b78a27578f13a17b -> 
  custom:container-demuxer-webm: 4f35f7cbe854078d1ac9338744f61a02 -> 
  custom:video-encoder-webm-vp8: eb34c28f22e8b96e1ab97ce403110664 -> 
  custom:audio-encoder-webm-vorbis: bf7c407c2cedff20999df2af8eb42d56 -> 
  custom:framework-win-MediaFoundation: 216162199b28c13a410421893ffa2e32 -> 
  custom:container-demuxer-ogg: 62fdf1f143b41e24485cea50d1cbac27 -> 
  custom:video-decoder-webm-vp8: 9c59270c3fd7afecdb556c50c9e8de78 -> 
  custom:audio-decoder-ogg-vorbis: bf7c407c2cedff20999df2af8eb42d56 -> 
========================================================================
Received Prepare
Registering precompiled user dll's ...
Registered in 0.002969 seconds.
Begin MonoManager ReloadAssembly
Symbol file LoadedFromMemory doesn't match image C:\Users\owner\Desktop\MazeRepository\Maze\Library\PackageCache\com.unity.visualscripting@1.8.0\Editor\VisualScripting.Core\Dependencies\YamlDotNet\Unity.VisualScripting.YamlDotNet.dll
Symbol file LoadedFromMemory doesn't match image C:\Users\owner\Desktop\MazeRepository\Maze\Library\PackageCache\com.unity.visualscripting@1.8.0\Editor\VisualScripting.Core\Dependencies\DotNetZip\Unity.VisualScripting.IonicZip.dll
Native extension for WindowsStandalone target not found
Refreshing native plugins compatible for Editor in 0.49 ms, found 5 plugins.
Preloading 0 native plugins for Editor in 0.00 ms.
Mono: successfully reloaded assembly
- Completed reload, in  0.730 seconds
Domain Reload Profiling:
	ReloadAssembly (731ms)
		BeginReloadAssembly (105ms)
			ExecutionOrderSort (0ms)
			DisableScriptedObjects (4ms)
			BackupInstance (0ms)
			ReleaseScriptingObjects (0ms)
			CreateAndSetChildDomain (25ms)
		EndReloadAssembly (557ms)
			LoadAssemblies (65ms)
			RebuildTransferFunctionScriptingTraits (0ms)
			SetupTypeCache (180ms)
			ReleaseScriptCaches (1ms)
			RebuildScriptCaches (38ms)
			SetupLoadedEditorAssemblies (240ms)
				LogAssemblyErrors (0ms)
				InitializePlatformSupportModulesInManaged (4ms)
				SetLoadedEditorAssemblies (0ms)
				RefreshPlugins (1ms)
				BeforeProcessingInitializeOnLoad (51ms)
				ProcessInitializeOnLoadAttributes (166ms)
				ProcessInitializeOnLoadMethodAttributes (14ms)
				AfterProcessingInitializeOnLoad (4ms)
				EditorAssembliesLoaded (0ms)
			ExecutionOrderSort2 (0ms)
			AwakeInstancesAfterBackupRestoration (6ms)
Platform modules already initialized, skipping
Refreshing native plugins compatible for Editor in 1.48 ms, found 5 plugins.
Preloading 0 native plugins for Editor in 0.00 ms.
Unloading 3267 Unused Serialized files (Serialized files now loaded: 0)
Unloading 80 unused Assets / (10.4 MB). Loaded Objects now: 3785.
Memory consumption went from 160.6 MB to 150.3 MB.
Total: 6.197600 ms (FindLiveObjects: 0.188400 ms CreateObjectMapping: 0.077100 ms MarkObjects: 1.745700 ms  DeleteObjects: 4.185300 ms)

AssetImportParameters requested are different than current active one (requested -> active):
  custom:video-decoder-ogg-theora: a1e56fd34408186e4bbccfd4996cb3dc -> 
  custom:container-muxer-webm: aa71ff27fc2769a1b78a27578f13a17b -> 
  custom:container-demuxer-webm: 4f35f7cbe854078d1ac9338744f61a02 -> 
  custom:video-encoder-webm-vp8: eb34c28f22e8b96e1ab97ce403110664 -> 
  custom:audio-encoder-webm-vorbis: bf7c407c2cedff20999df2af8eb42d56 -> 
  custom:framework-win-MediaFoundation: 216162199b28c13a410421893ffa2e32 -> 
  custom:container-demuxer-ogg: 62fdf1f143b41e24485cea50d1cbac27 -> 
  custom:video-decoder-webm-vp8: 9c59270c3fd7afecdb556c50c9e8de78 -> 
  custom:audio-decoder-ogg-vorbis: bf7c407c2cedff20999df2af8eb42d56 -> 
========================================================================
Received Prepare
Registering precompiled user dll's ...
Registered in 0.003672 seconds.
Begin MonoManager ReloadAssembly
Symbol file LoadedFromMemory doesn't match image C:\Users\owner\Desktop\MazeRepository\Maze\Library\PackageCache\com.unity.visualscripting@1.8.0\Editor\VisualScripting.Core\Dependencies\YamlDotNet\Unity.VisualScripting.YamlDotNet.dll
Symbol file LoadedFromMemory doesn't match image C:\Users\owner\Desktop\MazeRepository\Maze\Library\PackageCache\com.unity.visualscripting@1.8.0\Editor\VisualScripting.Core\Dependencies\DotNetZip\Unity.VisualScripting.IonicZip.dll
Native extension for WindowsStandalone target not found
Refreshing native plugins compatible for Editor in 0.42 ms, found 5 plugins.
Preloading 0 native plugins for Editor in 0.00 ms.
Mono: successfully reloaded assembly
- Completed reload, in  0.691 seconds
Domain Reload Profiling:
	ReloadAssembly (692ms)
		BeginReloadAssembly (106ms)
			ExecutionOrderSort (0ms)
			DisableScriptedObjects (3ms)
			BackupInstance (0ms)
			ReleaseScriptingObjects (0ms)
			CreateAndSetChildDomain (31ms)
		EndReloadAssembly (512ms)
			LoadAssemblies (57ms)
			RebuildTransferFunctionScriptingTraits (0ms)
			SetupTypeCache (173ms)
			ReleaseScriptCaches (1ms)
			RebuildScriptCaches (31ms)
			SetupLoadedEditorAssemblies (217ms)
				LogAssemblyErrors (0ms)
				InitializePlatformSupportModulesInManaged (3ms)
				SetLoadedEditorAssemblies (0ms)
				RefreshPlugins (0ms)
				BeforeProcessingInitializeOnLoad (43ms)
				ProcessInitializeOnLoadAttributes (148ms)
				ProcessInitializeOnLoadMethodAttributes (17ms)
				AfterProcessingInitializeOnLoad (5ms)
				EditorAssembliesLoaded (0ms)
			ExecutionOrderSort2 (0ms)
			AwakeInstancesAfterBackupRestoration (6ms)
Platform modules already initialized, skipping
Refreshing native plugins compatible for Editor in 2.08 ms, found 5 plugins.
Preloading 0 native plugins for Editor in 0.00 ms.
Unloading 3267 Unused Serialized files (Serialized files now loaded: 0)
Unloading 80 unused Assets / (10.5 MB). Loaded Objects now: 3788.
Memory consumption went from 160.7 MB to 150.3 MB.
Total: 7.388500 ms (FindLiveObjects: 0.204800 ms CreateObjectMapping: 0.075000 ms MarkObjects: 2.372500 ms  DeleteObjects: 4.735200 ms)

AssetImportParameters requested are different than current active one (requested -> active):
  custom:video-decoder-ogg-theora: a1e56fd34408186e4bbccfd4996cb3dc -> 
  custom:container-muxer-webm: aa71ff27fc2769a1b78a27578f13a17b -> 
  custom:container-demuxer-webm: 4f35f7cbe854078d1ac9338744f61a02 -> 
  custom:video-encoder-webm-vp8: eb34c28f22e8b96e1ab97ce403110664 -> 
  custom:audio-encoder-webm-vorbis: bf7c407c2cedff20999df2af8eb42d56 -> 
  custom:framework-win-MediaFoundation: 216162199b28c13a410421893ffa2e32 -> 
  custom:container-demuxer-ogg: 62fdf1f143b41e24485cea50d1cbac27 -> 
  custom:video-decoder-webm-vp8: 9c59270c3fd7afecdb556c50c9e8de78 -> 
  custom:audio-decoder-ogg-vorbis: bf7c407c2cedff20999df2af8eb42d56 -> 
========================================================================
Received Import Request.
  Time since last request: 165.739167 seconds.
  path: Assets/Audio/penSE.mp3
  artifactKey: Guid(682dab2a5ce16b14a9cd804713494131) Importer(815301076,1909f56bfc062723c751e8b465ee728b)
Start importing Assets/Audio/penSE.mp3 using Guid(682dab2a5ce16b14a9cd804713494131) Importer(815301076,1909f56bfc062723c751e8b465ee728b)  -> (artifact id: '239eec717d2928105f15fd8213f6cb70') in 0.068345 seconds 
========================================================================
Received Import Request.
  Time since last request: 4.189516 seconds.
  path: Assets/Audio/NotOpenSE.mp3
  artifactKey: Guid(4b8d78131684b4a49992b7b627e927c0) Importer(815301076,1909f56bfc062723c751e8b465ee728b)
Start importing Assets/Audio/NotOpenSE.mp3 using Guid(4b8d78131684b4a49992b7b627e927c0) Importer(815301076,1909f56bfc062723c751e8b465ee728b)  -> (artifact id: '92e09cc8999127761847fa0845c21fed') in 0.004394 seconds 
========================================================================
Received Import Request.
  Time since last request: 1.753178 seconds.
  path: Assets/Audio/penSE.mp3
  artifactKey: Guid(682dab2a5ce16b14a9cd804713494131) Importer(815301076,1909f56bfc062723c751e8b465ee728b)
Start importing Assets/Audio/penSE.mp3 using Guid(682dab2a5ce16b14a9cd804713494131) Importer(815301076,1909f56bfc062723c751e8b465ee728b)  -> (artifact id: 'e14cd27edffd229aabf4d0a924d42a4c') in 0.004706 seconds 
========================================================================
Received Import Request.
  Time since last request: 2.909705 seconds.
  path: Assets/Audio/OpenSE.mp3
  artifactKey: Guid(682dab2a5ce16b14a9cd804713494131) Importer(815301076,1909f56bfc062723c751e8b465ee728b)
Start importing Assets/Audio/OpenSE.mp3 using Guid(682dab2a5ce16b14a9cd804713494131) Importer(815301076,1909f56bfc062723c751e8b465ee728b)  -> (artifact id: 'f8ce9ead0158e61220b13b4223dada4f') in 0.021543 seconds 
========================================================================
Received Prepare
Registering precompiled user dll's ...
Registered in 0.003987 seconds.
Begin MonoManager ReloadAssembly
Symbol file LoadedFromMemory doesn't match image C:\Users\owner\Desktop\MazeRepository\Maze\Library\PackageCache\com.unity.visualscripting@1.8.0\Editor\VisualScripting.Core\Dependencies\YamlDotNet\Unity.VisualScripting.YamlDotNet.dll
Symbol file LoadedFromMemory doesn't match image C:\Users\owner\Desktop\MazeRepository\Maze\Library\PackageCache\com.unity.visualscripting@1.8.0\Editor\VisualScripting.Core\Dependencies\DotNetZip\Unity.VisualScripting.IonicZip.dll
Native extension for WindowsStandalone target not found
Refreshing native plugins compatible for Editor in 0.43 ms, found 5 plugins.
Preloading 0 native plugins for Editor in 0.00 ms.
Mono: successfully reloaded assembly
- Completed reload, in  0.725 seconds
Domain Reload Profiling:
	ReloadAssembly (725ms)
		BeginReloadAssembly (108ms)
			ExecutionOrderSort (0ms)
			DisableScriptedObjects (5ms)
			BackupInstance (0ms)
			ReleaseScriptingObjects (0ms)
			CreateAndSetChildDomain (27ms)
		EndReloadAssembly (535ms)
			LoadAssemblies (66ms)
			RebuildTransferFunctionScriptingTraits (0ms)
			SetupTypeCache (200ms)
			ReleaseScriptCaches (1ms)
			RebuildScriptCaches (34ms)
			SetupLoadedEditorAssemblies (215ms)
				LogAssemblyErrors (0ms)
				InitializePlatformSupportModulesInManaged (3ms)
				SetLoadedEditorAssemblies (0ms)
				RefreshPlugins (0ms)
				BeforeProcessingInitializeOnLoad (49ms)
				ProcessInitializeOnLoadAttributes (141ms)
				ProcessInitializeOnLoadMethodAttributes (16ms)
				AfterProcessingInitializeOnLoad (5ms)
				EditorAssembliesLoaded (0ms)
			ExecutionOrderSort2 (0ms)
			AwakeInstancesAfterBackupRestoration (6ms)
Platform modules already initialized, skipping
Refreshing native plugins compatible for Editor in 1.39 ms, found 5 plugins.
Preloading 0 native plugins for Editor in 0.00 ms.
Unloading 3267 Unused Serialized files (Serialized files now loaded: 0)
Unloading 80 unused Assets / (10.3 MB). Loaded Objects now: 3791.
Memory consumption went from 160.6 MB to 150.3 MB.
Total: 6.756900 ms (FindLiveObjects: 0.202700 ms CreateObjectMapping: 0.086200 ms MarkObjects: 1.771200 ms  DeleteObjects: 4.695500 ms)

AssetImportParameters requested are different than current active one (requested -> active):
  custom:video-decoder-ogg-theora: a1e56fd34408186e4bbccfd4996cb3dc -> 
  custom:container-muxer-webm: aa71ff27fc2769a1b78a27578f13a17b -> 
  custom:container-demuxer-webm: 4f35f7cbe854078d1ac9338744f61a02 -> 
  custom:video-encoder-webm-vp8: eb34c28f22e8b96e1ab97ce403110664 -> 
  custom:audio-encoder-webm-vorbis: bf7c407c2cedff20999df2af8eb42d56 -> 
  custom:framework-win-MediaFoundation: 216162199b28c13a410421893ffa2e32 -> 
  custom:container-demuxer-ogg: 62fdf1f143b41e24485cea50d1cbac27 -> 
  custom:video-decoder-webm-vp8: 9c59270c3fd7afecdb556c50c9e8de78 -> 
  custom:audio-decoder-ogg-vorbis: bf7c407c2cedff20999df2af8eb42d56 -> 
========================================================================
Received Prepare
Registering precompiled user dll's ...
Registered in 0.003941 seconds.
Begin MonoManager ReloadAssembly
Symbol file LoadedFromMemory doesn't match image C:\Users\owner\Desktop\MazeRepository\Maze\Library\PackageCache\com.unity.visualscripting@1.8.0\Editor\VisualScripting.Core\Dependencies\YamlDotNet\Unity.VisualScripting.YamlDotNet.dll
Symbol file LoadedFromMemory doesn't match image C:\Users\owner\Desktop\MazeRepository\Maze\Library\PackageCache\com.unity.visualscripting@1.8.0\Editor\VisualScripting.Core\Dependencies\DotNetZip\Unity.VisualScripting.IonicZip.dll
Native extension for WindowsStandalone target not found
Refreshing native plugins compatible for Editor in 0.50 ms, found 5 plugins.
Preloading 0 native plugins for Editor in 0.00 ms.
Mono: successfully reloaded assembly
- Completed reload, in  0.690 seconds
Domain Reload Profiling:
	ReloadAssembly (690ms)
		BeginReloadAssembly (104ms)
			ExecutionOrderSort (0ms)
			DisableScriptedObjects (4ms)
			BackupInstance (0ms)
			ReleaseScriptingObjects (0ms)
			CreateAndSetChildDomain (26ms)
		EndReloadAssembly (521ms)
			LoadAssemblies (64ms)
			RebuildTransferFunctionScriptingTraits (0ms)
			SetupTypeCache (182ms)
			ReleaseScriptCaches (1ms)
			RebuildScriptCaches (35ms)
			SetupLoadedEditorAssemblies (213ms)
				LogAssemblyErrors (0ms)
				InitializePlatformSupportModulesInManaged (8ms)
				SetLoadedEditorAssemblies (0ms)
				RefreshPlugins (1ms)
				BeforeProcessingInitializeOnLoad (46ms)
				ProcessInitializeOnLoadAttributes (140ms)
				ProcessInitializeOnLoadMethodAttributes (13ms)
				AfterProcessingInitializeOnLoad (4ms)
				EditorAssembliesLoaded (0ms)
			ExecutionOrderSort2 (0ms)
			AwakeInstancesAfterBackupRestoration (7ms)
Platform modules already initialized, skipping
Refreshing native plugins compatible for Editor in 1.92 ms, found 5 plugins.
Preloading 0 native plugins for Editor in 0.00 ms.
Unloading 3267 Unused Serialized files (Serialized files now loaded: 0)
Unloading 80 unused Assets / (10.3 MB). Loaded Objects now: 3794.
Memory consumption went from 160.6 MB to 150.3 MB.
Total: 6.151300 ms (FindLiveObjects: 0.291600 ms CreateObjectMapping: 0.096300 ms MarkObjects: 1.741900 ms  DeleteObjects: 4.020700 ms)

AssetImportParameters requested are different than current active one (requested -> active):
  custom:video-decoder-ogg-theora: a1e56fd34408186e4bbccfd4996cb3dc -> 
  custom:container-muxer-webm: aa71ff27fc2769a1b78a27578f13a17b -> 
  custom:container-demuxer-webm: 4f35f7cbe854078d1ac9338744f61a02 -> 
  custom:video-encoder-webm-vp8: eb34c28f22e8b96e1ab97ce403110664 -> 
  custom:audio-encoder-webm-vorbis: bf7c407c2cedff20999df2af8eb42d56 -> 
  custom:framework-win-MediaFoundation: 216162199b28c13a410421893ffa2e32 -> 
  custom:container-demuxer-ogg: 62fdf1f143b41e24485cea50d1cbac27 -> 
  custom:video-decoder-webm-vp8: 9c59270c3fd7afecdb556c50c9e8de78 -> 
  custom:audio-decoder-ogg-vorbis: bf7c407c2cedff20999df2af8eb42d56 -> 
========================================================================
Received Import Request.
  Time since last request: 262.427684 seconds.
  path: Assets/Audio/FlagSensorLv1.mp3
  artifactKey: Guid(b576fc48c38ea5d4b88c71f91d8c353d) Importer(815301076,1909f56bfc062723c751e8b465ee728b)
Start importing Assets/Audio/FlagSensorLv1.mp3 using Guid(b576fc48c38ea5d4b88c71f91d8c353d) Importer(815301076,1909f56bfc062723c751e8b465ee728b)  -> (artifact id: '0a61d96036ef97bf15ca2e8ed4245e5d') in 0.050017 seconds 
========================================================================
Received Import Request.
  Time since last request: 15.277807 seconds.
  path: Assets/Audio/決定ボタンを押す11.mp3
  artifactKey: Guid(ad8dea3ab09604d47a70d6af394b0022) Importer(815301076,1909f56bfc062723c751e8b465ee728b)
Start importing Assets/Audio/決定ボタンを押す11.mp3 using Guid(ad8dea3ab09604d47a70d6af394b0022) Importer(815301076,1909f56bfc062723c751e8b465ee728b)  -> (artifact id: 'e497a907ff04b22df3c33c83478b1753') in 0.040418 seconds 
========================================================================
Received Import Request.
  Time since last request: 3.308961 seconds.
  path: Assets/Audio/決定ボタンを押す34.mp3
  artifactKey: Guid(a7db760b52b23554eb8d7cf34c4bc8d0) Importer(815301076,1909f56bfc062723c751e8b465ee728b)
Start importing Assets/Audio/決定ボタンを押す34.mp3 using Guid(a7db760b52b23554eb8d7cf34c4bc8d0) Importer(815301076,1909f56bfc062723c751e8b465ee728b)  -> (artifact id: '91bca117b77b5423b3d77358217355c7') in 0.005121 seconds 
========================================================================
Received Import Request.
  Time since last request: 3.240226 seconds.
  path: Assets/Audio/決定ボタンを押す35.mp3
  artifactKey: Guid(d512d6ab973ec344e87b0183cefc9d7f) Importer(815301076,1909f56bfc062723c751e8b465ee728b)
Start importing Assets/Audio/決定ボタンを押す35.mp3 using Guid(d512d6ab973ec344e87b0183cefc9d7f) Importer(815301076,1909f56bfc062723c751e8b465ee728b)  -> (artifact id: 'cd53ac523a3fad185442c88685b840a5') in 0.005472 seconds 
========================================================================
Received Import Request.
  Time since last request: 3.430281 seconds.
  path: Assets/Audio/ビープ音4.mp3
  artifactKey: Guid(ebe4b04e7b896444790c1a7e38c8038f) Importer(815301076,1909f56bfc062723c751e8b465ee728b)
Start importing Assets/Audio/ビープ音4.mp3 using Guid(ebe4b04e7b896444790c1a7e38c8038f) Importer(815301076,1909f56bfc062723c751e8b465ee728b)  -> (artifact id: 'f668c31d24dd95c28aa7460ce3d9493c') in 0.005229 seconds 
========================================================================
Received Import Request.
  Time since last request: 38.820782 seconds.
  path: Assets/Audio/ビープ音5.mp3
  artifactKey: Guid(acdd1a62c121ed74d9d706840f941ddd) Importer(815301076,1909f56bfc062723c751e8b465ee728b)
Start importing Assets/Audio/ビープ音5.mp3 using Guid(acdd1a62c121ed74d9d706840f941ddd) Importer(815301076,1909f56bfc062723c751e8b465ee728b)  -> (artifact id: '9c64a279ce0c22c84995bf3ba7fe7276') in 0.006356 seconds 
========================================================================
Received Import Request.
  Time since last request: 5.948776 seconds.
  path: Assets/Audio
  artifactKey: Guid(8583e3ffa5b1f504689ac60cfc7f1f7c) Importer(815301076,1909f56bfc062723c751e8b465ee728b)
Start importing Assets/Audio using Guid(8583e3ffa5b1f504689ac60cfc7f1f7c) Importer(815301076,1909f56bfc062723c751e8b465ee728b)  -> (artifact id: 'e323acfb7f1c5a2b4b71395dcaa08dc2') in 0.001429 seconds 
========================================================================
Received Import Request.
  Time since last request: 12.583854 seconds.
  path: Assets/Audio/FlagSensorLv1f.mp3
  artifactKey: Guid(acdd1a62c121ed74d9d706840f941ddd) Importer(815301076,1909f56bfc062723c751e8b465ee728b)
Start importing Assets/Audio/FlagSensorLv1f.mp3 using Guid(acdd1a62c121ed74d9d706840f941ddd) Importer(815301076,1909f56bfc062723c751e8b465ee728b)  -> (artifact id: 'ef7dae1dd4ee21323ce25f6d234b8668') in 0.025749 seconds 
========================================================================
Received Import Request.
  Time since last request: 11.376895 seconds.
  path: Assets/Audio/FlagSensorLv2f.mp3
  artifactKey: Guid(ebe4b04e7b896444790c1a7e38c8038f) Importer(815301076,1909f56bfc062723c751e8b465ee728b)
Start importing Assets/Audio/FlagSensorLv2f.mp3 using Guid(ebe4b04e7b896444790c1a7e38c8038f) Importer(815301076,1909f56bfc062723c751e8b465ee728b)  -> (artifact id: '20ab8546d5f438885ccc4dba60feaf10') in 0.005222 seconds 
========================================================================
Received Import Request.
  Time since last request: 3.850725 seconds.
  path: Assets/Audio/HamburgerSensorLv1.mp3
  artifactKey: Guid(6bb743df7a465dd4d8e2b8ab5fd00358) Importer(815301076,1909f56bfc062723c751e8b465ee728b)
Start importing Assets/Audio/HamburgerSensorLv1.mp3 using Guid(6bb743df7a465dd4d8e2b8ab5fd00358) Importer(815301076,1909f56bfc062723c751e8b465ee728b)  -> (artifact id: '29ce1c48047b42b61bfb2c84032f6b45') in 0.006078 seconds 
========================================================================
Received Import Request.
  Time since last request: 11.377382 seconds.
  path: Assets/Audio/HamburgerSensorLv1f.mp3
  artifactKey: Guid(a7db760b52b23554eb8d7cf34c4bc8d0) Importer(815301076,1909f56bfc062723c751e8b465ee728b)
Start importing Assets/Audio/HamburgerSensorLv1f.mp3 using Guid(a7db760b52b23554eb8d7cf34c4bc8d0) Importer(815301076,1909f56bfc062723c751e8b465ee728b)  -> (artifact id: 'b817304627851821813ead7d8bb384b1') in 0.004105 seconds 
========================================================================
Received Import Request.
  Time since last request: 6.374574 seconds.
  path: Assets/Audio/HamburgerSensorLv2f.mp3
  artifactKey: Guid(d512d6ab973ec344e87b0183cefc9d7f) Importer(815301076,1909f56bfc062723c751e8b465ee728b)
Start importing Assets/Audio/HamburgerSensorLv2f.mp3 using Guid(d512d6ab973ec344e87b0183cefc9d7f) Importer(815301076,1909f56bfc062723c751e8b465ee728b)  -> (artifact id: 'b8175746be7e8308297c719fbd2ab21b') in 0.013066 seconds 
========================================================================
Received Import Request.
  Time since last request: 7.401605 seconds.
  path: Assets/Audio/FlagSensor1.mp3
  artifactKey: Guid(b576fc48c38ea5d4b88c71f91d8c353d) Importer(815301076,1909f56bfc062723c751e8b465ee728b)
Start importing Assets/Audio/FlagSensor1.mp3 using Guid(b576fc48c38ea5d4b88c71f91d8c353d) Importer(815301076,1909f56bfc062723c751e8b465ee728b)  -> (artifact id: 'c0c57e1cfd89d867fff1b07ff4b1d71b') in 0.033595 seconds 
========================================================================
Received Import Request.
  Time since last request: 6.955972 seconds.
  path: Assets/Audio/FlagSensor2.mp3
  artifactKey: Guid(acdd1a62c121ed74d9d706840f941ddd) Importer(815301076,1909f56bfc062723c751e8b465ee728b)
Start importing Assets/Audio/FlagSensor2.mp3 using Guid(acdd1a62c121ed74d9d706840f941ddd) Importer(815301076,1909f56bfc062723c751e8b465ee728b)  -> (artifact id: '668ff8063288be4e434b8ccab7e79809') in 0.027427 seconds 
========================================================================
Received Import Request.
  Time since last request: 4.253938 seconds.
  path: Assets/Audio/FlagSensorLv2.mp3
  artifactKey: Guid(5284bc7bf8865e04086d781d03899314) Importer(815301076,1909f56bfc062723c751e8b465ee728b)
Start importing Assets/Audio/FlagSensorLv2.mp3 using Guid(5284bc7bf8865e04086d781d03899314) Importer(815301076,1909f56bfc062723c751e8b465ee728b)  -> (artifact id: '4086f1593e0807d30026036553a419f0') in 0.009669 seconds 
========================================================================
Received Import Request.
  Time since last request: 4.774637 seconds.
  path: Assets/Audio/maxwell-cat-theme-song.mp3
  artifactKey: Guid(513313d4ee7f37a4ab54cc3c6a478403) Importer(815301076,1909f56bfc062723c751e8b465ee728b)
Start importing Assets/Audio/maxwell-cat-theme-song.mp3 using Guid(513313d4ee7f37a4ab54cc3c6a478403) Importer(815301076,1909f56bfc062723c751e8b465ee728b)  -> (artifact id: 'e41b0d86f86f051829891b133c70a54f') in 0.006977 seconds 
========================================================================
Received Import Request.
  Time since last request: 50.439983 seconds.
  path: Assets/Audio/EnemySensor1.mp3
  artifactKey: Guid(b576fc48c38ea5d4b88c71f91d8c353d) Importer(815301076,1909f56bfc062723c751e8b465ee728b)
Start importing Assets/Audio/EnemySensor1.mp3 using Guid(b576fc48c38ea5d4b88c71f91d8c353d) Importer(815301076,1909f56bfc062723c751e8b465ee728b)  -> (artifact id: '4f81b17308c6aa74fb42e5cab1719745') in 0.035232 seconds 
========================================================================
Received Import Request.
  Time since last request: 12.170695 seconds.
  path: Assets/Audio/HamburgerSensor2.mp3
  artifactKey: Guid(acdd1a62c121ed74d9d706840f941ddd) Importer(815301076,1909f56bfc062723c751e8b465ee728b)
Start importing Assets/Audio/HamburgerSensor2.mp3 using Guid(acdd1a62c121ed74d9d706840f941ddd) Importer(815301076,1909f56bfc062723c751e8b465ee728b)  -> (artifact id: 'de5d2d85e1198ece692dffeed4908e7c') in 0.004935 seconds 
========================================================================
Received Import Request.
  Time since last request: 2.331691 seconds.
  path: Assets/Audio/HamburgerSensorLv2.mp3
  artifactKey: Guid(392502a3c3315d143af238c693a95304) Importer(815301076,1909f56bfc062723c751e8b465ee728b)
Start importing Assets/Audio/HamburgerSensorLv2.mp3 using Guid(392502a3c3315d143af238c693a95304) Importer(815301076,1909f56bfc062723c751e8b465ee728b)  -> (artifact id: 'e9568e50dbbb175f2bcf4d1e292c0132') in 0.006952 seconds 
========================================================================
Received Import Request.
  Time since last request: 29.100764 seconds.
  path: Assets/Audio/GoalSencor1.mp3
  artifactKey: Guid(6bb743df7a465dd4d8e2b8ab5fd00358) Importer(815301076,1909f56bfc062723c751e8b465ee728b)
Start importing Assets/Audio/GoalSencor1.mp3 using Guid(6bb743df7a465dd4d8e2b8ab5fd00358) Importer(815301076,1909f56bfc062723c751e8b465ee728b)  -> (artifact id: 'ecb69f59cd835237ab4acaf39cbbb074') in 0.013592 seconds 
========================================================================
Received Import Request.
  Time since last request: 12.906348 seconds.
  path: Assets/Audio/GoalSensor2.mp3
  artifactKey: Guid(392502a3c3315d143af238c693a95304) Importer(815301076,1909f56bfc062723c751e8b465ee728b)
Start importing Assets/Audio/GoalSensor2.mp3 using Guid(392502a3c3315d143af238c693a95304) Importer(815301076,1909f56bfc062723c751e8b465ee728b)  -> (artifact id: 'aebd3f3411bf1ad6b6f942c2f21fad71') in 0.038567 seconds 
========================================================================
Received Import Request.
  Time since last request: 19.894003 seconds.
  path: Assets/Audio/EnemySensor2.mp3
  artifactKey: Guid(5284bc7bf8865e04086d781d03899314) Importer(815301076,1909f56bfc062723c751e8b465ee728b)
Start importing Assets/Audio/EnemySensor2.mp3 using Guid(5284bc7bf8865e04086d781d03899314) Importer(815301076,1909f56bfc062723c751e8b465ee728b)  -> (artifact id: '7df5dddd2c7eeeb7eb42d4d1b69b9194') in 0.034357 seconds 
========================================================================
Received Import Request.
  Time since last request: 42.822911 seconds.
  path: Assets/Audio/HamburgerSensor1.mp3
  artifactKey: Guid(ebe4b04e7b896444790c1a7e38c8038f) Importer(815301076,1909f56bfc062723c751e8b465ee728b)
Start importing Assets/Audio/HamburgerSensor1.mp3 using Guid(ebe4b04e7b896444790c1a7e38c8038f) Importer(815301076,1909f56bfc062723c751e8b465ee728b)  -> (artifact id: '32ee3d945e3e7c6c80eb9650253df0ce') in 0.031745 seconds 
========================================================================
Received Import Request.
  Time since last request: 25.758793 seconds.
  path: Assets/Audio/FlagSensor1.mp3
  artifactKey: Guid(a7db760b52b23554eb8d7cf34c4bc8d0) Importer(815301076,1909f56bfc062723c751e8b465ee728b)
Start importing Assets/Audio/FlagSensor1.mp3 using Guid(a7db760b52b23554eb8d7cf34c4bc8d0) Importer(815301076,1909f56bfc062723c751e8b465ee728b)  -> (artifact id: '7aeac802b024e9374ad375a1ea25ea8f') in 0.019320 seconds 
========================================================================
Received Import Request.
  Time since last request: 7.377322 seconds.
  path: Assets/Audio/FlagSensor2.mp3
  artifactKey: Guid(d512d6ab973ec344e87b0183cefc9d7f) Importer(815301076,1909f56bfc062723c751e8b465ee728b)
Start importing Assets/Audio/FlagSensor2.mp3 using Guid(d512d6ab973ec344e87b0183cefc9d7f) Importer(815301076,1909f56bfc062723c751e8b465ee728b)  -> (artifact id: 'ca65933a09d2788b41d0d6271f2a271d') in 0.004515 seconds 
========================================================================
Received Import Request.
  Time since last request: 71.818963 seconds.
  path: Assets/Audio/メニューを開く1.mp3
  artifactKey: Guid(97d624623a22528428bfd4a8f817b3af) Importer(815301076,1909f56bfc062723c751e8b465ee728b)
Start importing Assets/Audio/メニューを開く1.mp3 using Guid(97d624623a22528428bfd4a8f817b3af) Importer(815301076,1909f56bfc062723c751e8b465ee728b)  -> (artifact id: '72fa9e7035856f9e091011efbd5ae85b') in 0.048553 seconds 
========================================================================
Received Import Request.
  Time since last request: 7.340833 seconds.
  path: Assets/Audio/HamburgerSensor.mp3
  artifactKey: Guid(97d624623a22528428bfd4a8f817b3af) Importer(815301076,1909f56bfc062723c751e8b465ee728b)
Start importing Assets/Audio/HamburgerSensor.mp3 using Guid(97d624623a22528428bfd4a8f817b3af) Importer(815301076,1909f56bfc062723c751e8b465ee728b)  -> (artifact id: '1ceb2d77a0e64e3f2a56936b908a0063') in 0.012029 seconds 
========================================================================
Received Import Request.
  Time since last request: 6.792414 seconds.
  path: Assets/Audio/HamburgerSensor1.mp3
  artifactKey: Guid(acdd1a62c121ed74d9d706840f941ddd) Importer(815301076,1909f56bfc062723c751e8b465ee728b)
Start importing Assets/Audio/HamburgerSensor1.mp3 using Guid(acdd1a62c121ed74d9d706840f941ddd) Importer(815301076,1909f56bfc062723c751e8b465ee728b)  -> (artifact id: '4bd7ec550cb0a147f6ab033983c7fd98') in 0.008671 seconds 
========================================================================
Received Import Request.
  Time since last request: 5.668154 seconds.
  path: Assets/Audio/HamburgerSensor2.mp3
  artifactKey: Guid(97d624623a22528428bfd4a8f817b3af) Importer(815301076,1909f56bfc062723c751e8b465ee728b)
Start importing Assets/Audio/HamburgerSensor2.mp3 using Guid(97d624623a22528428bfd4a8f817b3af) Importer(815301076,1909f56bfc062723c751e8b465ee728b)  -> (artifact id: 'db42650898c40cf1071794b1c44f8746') in 0.034732 seconds 
========================================================================
Received Prepare
Registering precompiled user dll's ...
Registered in 0.002657 seconds.
Begin MonoManager ReloadAssembly
Symbol file LoadedFromMemory doesn't match image C:\Users\owner\Desktop\MazeRepository\Maze\Library\PackageCache\com.unity.visualscripting@1.8.0\Editor\VisualScripting.Core\Dependencies\YamlDotNet\Unity.VisualScripting.YamlDotNet.dll
Symbol file LoadedFromMemory doesn't match image C:\Users\owner\Desktop\MazeRepository\Maze\Library\PackageCache\com.unity.visualscripting@1.8.0\Editor\VisualScripting.Core\Dependencies\DotNetZip\Unity.VisualScripting.IonicZip.dll
Native extension for WindowsStandalone target not found
Refreshing native plugins compatible for Editor in 0.60 ms, found 5 plugins.
Preloading 0 native plugins for Editor in 0.00 ms.
Mono: successfully reloaded assembly
- Completed reload, in  0.723 seconds
Domain Reload Profiling:
	ReloadAssembly (724ms)
		BeginReloadAssembly (116ms)
			ExecutionOrderSort (0ms)
			DisableScriptedObjects (3ms)
			BackupInstance (0ms)
			ReleaseScriptingObjects (0ms)
			CreateAndSetChildDomain (35ms)
		EndReloadAssembly (535ms)
			LoadAssemblies (67ms)
			RebuildTransferFunctionScriptingTraits (0ms)
			SetupTypeCache (187ms)
			ReleaseScriptCaches (2ms)
			RebuildScriptCaches (29ms)
			SetupLoadedEditorAssemblies (225ms)
				LogAssemblyErrors (0ms)
				InitializePlatformSupportModulesInManaged (4ms)
				SetLoadedEditorAssemblies (1ms)
				RefreshPlugins (1ms)
				BeforeProcessingInitializeOnLoad (46ms)
				ProcessInitializeOnLoadAttributes (158ms)
				ProcessInitializeOnLoadMethodAttributes (13ms)
				AfterProcessingInitializeOnLoad (4ms)
				EditorAssembliesLoaded (0ms)
			ExecutionOrderSort2 (0ms)
			AwakeInstancesAfterBackupRestoration (5ms)
Platform modules already initialized, skipping
Refreshing native plugins compatible for Editor in 1.42 ms, found 5 plugins.
Preloading 0 native plugins for Editor in 0.00 ms.
Unloading 3267 Unused Serialized files (Serialized files now loaded: 0)
Unloading 80 unused Assets / (10.4 MB). Loaded Objects now: 3797.
Memory consumption went from 160.7 MB to 150.3 MB.
Total: 6.344900 ms (FindLiveObjects: 0.188900 ms CreateObjectMapping: 0.074800 ms MarkObjects: 1.771500 ms  DeleteObjects: 4.308800 ms)

AssetImportParameters requested are different than current active one (requested -> active):
  custom:video-decoder-ogg-theora: a1e56fd34408186e4bbccfd4996cb3dc -> 
  custom:container-muxer-webm: aa71ff27fc2769a1b78a27578f13a17b -> 
  custom:container-demuxer-webm: 4f35f7cbe854078d1ac9338744f61a02 -> 
  custom:video-encoder-webm-vp8: eb34c28f22e8b96e1ab97ce403110664 -> 
  custom:audio-encoder-webm-vorbis: bf7c407c2cedff20999df2af8eb42d56 -> 
  custom:framework-win-MediaFoundation: 216162199b28c13a410421893ffa2e32 -> 
  custom:container-demuxer-ogg: 62fdf1f143b41e24485cea50d1cbac27 -> 
  custom:video-decoder-webm-vp8: 9c59270c3fd7afecdb556c50c9e8de78 -> 
  custom:audio-decoder-ogg-vorbis: bf7c407c2cedff20999df2af8eb42d56 -> 
========================================================================
Received Prepare
Registering precompiled user dll's ...
Registered in 0.003967 seconds.
Begin MonoManager ReloadAssembly
Symbol file LoadedFromMemory doesn't match image C:\Users\owner\Desktop\MazeRepository\Maze\Library\PackageCache\com.unity.visualscripting@1.8.0\Editor\VisualScripting.Core\Dependencies\YamlDotNet\Unity.VisualScripting.YamlDotNet.dll
Symbol file LoadedFromMemory doesn't match image C:\Users\owner\Desktop\MazeRepository\Maze\Library\PackageCache\com.unity.visualscripting@1.8.0\Editor\VisualScripting.Core\Dependencies\DotNetZip\Unity.VisualScripting.IonicZip.dll
Native extension for WindowsStandalone target not found
Refreshing native plugins compatible for Editor in 0.43 ms, found 5 plugins.
Preloading 0 native plugins for Editor in 0.00 ms.
Mono: successfully reloaded assembly
- Completed reload, in  0.716 seconds
Domain Reload Profiling:
	ReloadAssembly (716ms)
		BeginReloadAssembly (113ms)
			ExecutionOrderSort (0ms)
			DisableScriptedObjects (6ms)
			BackupInstance (0ms)
			ReleaseScriptingObjects (0ms)
			CreateAndSetChildDomain (30ms)
		EndReloadAssembly (531ms)
			LoadAssemblies (64ms)
			RebuildTransferFunctionScriptingTraits (0ms)
			SetupTypeCache (201ms)
			ReleaseScriptCaches (1ms)
			RebuildScriptCaches (29ms)
			SetupLoadedEditorAssemblies (213ms)
				LogAssemblyErrors (0ms)
				InitializePlatformSupportModulesInManaged (4ms)
				SetLoadedEditorAssemblies (0ms)
				RefreshPlugins (0ms)
				BeforeProcessingInitializeOnLoad (45ms)
				ProcessInitializeOnLoadAttributes (146ms)
				ProcessInitializeOnLoadMethodAttributes (13ms)
				AfterProcessingInitializeOnLoad (4ms)
				EditorAssembliesLoaded (0ms)
			ExecutionOrderSort2 (0ms)
			AwakeInstancesAfterBackupRestoration (5ms)
Platform modules already initialized, skipping
Refreshing native plugins compatible for Editor in 2.12 ms, found 5 plugins.
Preloading 0 native plugins for Editor in 0.00 ms.
Unloading 3267 Unused Serialized files (Serialized files now loaded: 0)
Unloading 80 unused Assets / (10.3 MB). Loaded Objects now: 3800.
Memory consumption went from 160.7 MB to 150.3 MB.
Total: 6.903100 ms (FindLiveObjects: 0.182600 ms CreateObjectMapping: 0.074000 ms MarkObjects: 1.694200 ms  DeleteObjects: 4.951600 ms)

AssetImportParameters requested are different than current active one (requested -> active):
  custom:video-decoder-ogg-theora: a1e56fd34408186e4bbccfd4996cb3dc -> 
  custom:container-muxer-webm: aa71ff27fc2769a1b78a27578f13a17b -> 
  custom:container-demuxer-webm: 4f35f7cbe854078d1ac9338744f61a02 -> 
  custom:video-encoder-webm-vp8: eb34c28f22e8b96e1ab97ce403110664 -> 
  custom:audio-encoder-webm-vorbis: bf7c407c2cedff20999df2af8eb42d56 -> 
  custom:framework-win-MediaFoundation: 216162199b28c13a410421893ffa2e32 -> 
  custom:container-demuxer-ogg: 62fdf1f143b41e24485cea50d1cbac27 -> 
  custom:video-decoder-webm-vp8: 9c59270c3fd7afecdb556c50c9e8de78 -> 
  custom:audio-decoder-ogg-vorbis: bf7c407c2cedff20999df2af8eb42d56 -> 
========================================================================
Received Prepare
Registering precompiled user dll's ...
Registered in 0.003501 seconds.
Begin MonoManager ReloadAssembly
Symbol file LoadedFromMemory doesn't match image C:\Users\owner\Desktop\MazeRepository\Maze\Library\PackageCache\com.unity.visualscripting@1.8.0\Editor\VisualScripting.Core\Dependencies\YamlDotNet\Unity.VisualScripting.YamlDotNet.dll
Symbol file LoadedFromMemory doesn't match image C:\Users\owner\Desktop\MazeRepository\Maze\Library\PackageCache\com.unity.visualscripting@1.8.0\Editor\VisualScripting.Core\Dependencies\DotNetZip\Unity.VisualScripting.IonicZip.dll
Native extension for WindowsStandalone target not found
Refreshing native plugins compatible for Editor in 0.81 ms, found 5 plugins.
Preloading 0 native plugins for Editor in 0.00 ms.
Mono: successfully reloaded assembly
- Completed reload, in  0.934 seconds
Domain Reload Profiling:
	ReloadAssembly (935ms)
		BeginReloadAssembly (120ms)
			ExecutionOrderSort (0ms)
			DisableScriptedObjects (4ms)
			BackupInstance (0ms)
			ReleaseScriptingObjects (0ms)
			CreateAndSetChildDomain (33ms)
		EndReloadAssembly (730ms)
			LoadAssemblies (77ms)
			RebuildTransferFunctionScriptingTraits (0ms)
			SetupTypeCache (307ms)
			ReleaseScriptCaches (2ms)
			RebuildScriptCaches (61ms)
			SetupLoadedEditorAssemblies (236ms)
				LogAssemblyErrors (0ms)
				InitializePlatformSupportModulesInManaged (5ms)
				SetLoadedEditorAssemblies (0ms)
				RefreshPlugins (1ms)
				BeforeProcessingInitializeOnLoad (64ms)
				ProcessInitializeOnLoadAttributes (148ms)
				ProcessInitializeOnLoadMethodAttributes (13ms)
				AfterProcessingInitializeOnLoad (5ms)
				EditorAssembliesLoaded (0ms)
			ExecutionOrderSort2 (0ms)
			AwakeInstancesAfterBackupRestoration (5ms)
Platform modules already initialized, skipping
Refreshing native plugins compatible for Editor in 1.36 ms, found 5 plugins.
Preloading 0 native plugins for Editor in 0.00 ms.
Unloading 3267 Unused Serialized files (Serialized files now loaded: 0)
Unloading 80 unused Assets / (10.4 MB). Loaded Objects now: 3803.
Memory consumption went from 160.7 MB to 150.4 MB.
Total: 6.003600 ms (FindLiveObjects: 0.199100 ms CreateObjectMapping: 0.084300 ms MarkObjects: 1.691300 ms  DeleteObjects: 4.028100 ms)

AssetImportParameters requested are different than current active one (requested -> active):
  custom:video-decoder-ogg-theora: a1e56fd34408186e4bbccfd4996cb3dc -> 
  custom:container-muxer-webm: aa71ff27fc2769a1b78a27578f13a17b -> 
  custom:container-demuxer-webm: 4f35f7cbe854078d1ac9338744f61a02 -> 
  custom:video-encoder-webm-vp8: eb34c28f22e8b96e1ab97ce403110664 -> 
  custom:audio-encoder-webm-vorbis: bf7c407c2cedff20999df2af8eb42d56 -> 
  custom:framework-win-MediaFoundation: 216162199b28c13a410421893ffa2e32 -> 
  custom:container-demuxer-ogg: 62fdf1f143b41e24485cea50d1cbac27 -> 
  custom:video-decoder-webm-vp8: 9c59270c3fd7afecdb556c50c9e8de78 -> 
  custom:audio-decoder-ogg-vorbis: bf7c407c2cedff20999df2af8eb42d56 -> 
========================================================================
Received Prepare
Registering precompiled user dll's ...
Registered in 0.003438 seconds.
Begin MonoManager ReloadAssembly
Symbol file LoadedFromMemory doesn't match image C:\Users\owner\Desktop\MazeRepository\Maze\Library\PackageCache\com.unity.visualscripting@1.8.0\Editor\VisualScripting.Core\Dependencies\YamlDotNet\Unity.VisualScripting.YamlDotNet.dll
Symbol file LoadedFromMemory doesn't match image C:\Users\owner\Desktop\MazeRepository\Maze\Library\PackageCache\com.unity.visualscripting@1.8.0\Editor\VisualScripting.Core\Dependencies\DotNetZip\Unity.VisualScripting.IonicZip.dll
Native extension for WindowsStandalone target not found
Refreshing native plugins compatible for Editor in 0.42 ms, found 5 plugins.
Preloading 0 native plugins for Editor in 0.00 ms.
Mono: successfully reloaded assembly
- Completed reload, in  0.749 seconds
Domain Reload Profiling:
	ReloadAssembly (750ms)
		BeginReloadAssembly (109ms)
			ExecutionOrderSort (0ms)
			DisableScriptedObjects (6ms)
			BackupInstance (0ms)
			ReleaseScriptingObjects (0ms)
			CreateAndSetChildDomain (26ms)
		EndReloadAssembly (564ms)
			LoadAssemblies (66ms)
			RebuildTransferFunctionScriptingTraits (0ms)
			SetupTypeCache (198ms)
			ReleaseScriptCaches (1ms)
			RebuildScriptCaches (30ms)
			SetupLoadedEditorAssemblies (242ms)
				LogAssemblyErrors (0ms)
				InitializePlatformSupportModulesInManaged (3ms)
				SetLoadedEditorAssemblies (0ms)
				RefreshPlugins (0ms)
				BeforeProcessingInitializeOnLoad (49ms)
				ProcessInitializeOnLoadAttributes (167ms)
				ProcessInitializeOnLoadMethodAttributes (17ms)
				AfterProcessingInitializeOnLoad (4ms)
				EditorAssembliesLoaded (0ms)
			ExecutionOrderSort2 (0ms)
			AwakeInstancesAfterBackupRestoration (5ms)
Platform modules already initialized, skipping
Refreshing native plugins compatible for Editor in 1.47 ms, found 5 plugins.
Preloading 0 native plugins for Editor in 0.00 ms.
Unloading 3267 Unused Serialized files (Serialized files now loaded: 0)
Unloading 80 unused Assets / (10.4 MB). Loaded Objects now: 3806.
Memory consumption went from 160.8 MB to 150.4 MB.
Total: 6.826800 ms (FindLiveObjects: 0.276900 ms CreateObjectMapping: 0.134900 ms MarkObjects: 2.215700 ms  DeleteObjects: 4.197700 ms)

AssetImportParameters requested are different than current active one (requested -> active):
  custom:video-decoder-ogg-theora: a1e56fd34408186e4bbccfd4996cb3dc -> 
  custom:container-muxer-webm: aa71ff27fc2769a1b78a27578f13a17b -> 
  custom:container-demuxer-webm: 4f35f7cbe854078d1ac9338744f61a02 -> 
  custom:video-encoder-webm-vp8: eb34c28f22e8b96e1ab97ce403110664 -> 
  custom:audio-encoder-webm-vorbis: bf7c407c2cedff20999df2af8eb42d56 -> 
  custom:framework-win-MediaFoundation: 216162199b28c13a410421893ffa2e32 -> 
  custom:container-demuxer-ogg: 62fdf1f143b41e24485cea50d1cbac27 -> 
  custom:video-decoder-webm-vp8: 9c59270c3fd7afecdb556c50c9e8de78 -> 
  custom:audio-decoder-ogg-vorbis: bf7c407c2cedff20999df2af8eb42d56 -> 
========================================================================
Received Import Request.
  Time since last request: 748.497840 seconds.
  path: Assets/Audio/シャキーン2.mp3
  artifactKey: Guid(fe1fdb4ddd60bd248af77f75541d5b1c) Importer(815301076,1909f56bfc062723c751e8b465ee728b)
Start importing Assets/Audio/シャキーン2.mp3 using Guid(fe1fdb4ddd60bd248af77f75541d5b1c) Importer(815301076,1909f56bfc062723c751e8b465ee728b)  -> (artifact id: 'c0cdd39b1306d085d00f2db4a386da10') in 0.066394 seconds 
========================================================================
Received Import Request.
  Time since last request: 9.811036 seconds.
  path: Assets/Audio/GameClear.mp3
  artifactKey: Guid(fe1fdb4ddd60bd248af77f75541d5b1c) Importer(815301076,1909f56bfc062723c751e8b465ee728b)
Start importing Assets/Audio/GameClear.mp3 using Guid(fe1fdb4ddd60bd248af77f75541d5b1c) Importer(815301076,1909f56bfc062723c751e8b465ee728b)  -> (artifact id: '41a536b95e92e6179010c826937577ef') in 0.006193 seconds 
========================================================================
Received Import Request.
  Time since last request: 1.563097 seconds.
  path: Assets/Audio/呪いの旋律.mp3
  artifactKey: Guid(932e8a9475dfefd4f9c513399cf3af19) Importer(815301076,1909f56bfc062723c751e8b465ee728b)
Start importing Assets/Audio/呪いの旋律.mp3 using Guid(932e8a9475dfefd4f9c513399cf3af19) Importer(815301076,1909f56bfc062723c751e8b465ee728b)  -> (artifact id: '723f03701984caa123dbb31dd8d5ebea') in 0.006066 seconds 
========================================================================
Received Import Request.
  Time since last request: 7.722597 seconds.
  path: Assets/Audio/GameOver.mp3
  artifactKey: Guid(932e8a9475dfefd4f9c513399cf3af19) Importer(815301076,1909f56bfc062723c751e8b465ee728b)
Start importing Assets/Audio/GameOver.mp3 using Guid(932e8a9475dfefd4f9c513399cf3af19) Importer(815301076,1909f56bfc062723c751e8b465ee728b)  -> (artifact id: '35e0d5309232442940001524fd659bd2') in 0.028648 seconds 
========================================================================
Received Import Request.
  Time since last request: 159.142788 seconds.
  path: Assets/Audio/きらーん1.mp3
  artifactKey: Guid(29cafd7d22bad3b47995c346e7da8e78) Importer(815301076,1909f56bfc062723c751e8b465ee728b)
Start importing Assets/Audio/きらーん1.mp3 using Guid(29cafd7d22bad3b47995c346e7da8e78) Importer(815301076,1909f56bfc062723c751e8b465ee728b)  -> (artifact id: '2dd3facc007530f3c1a0a6e6f08847d0') in 0.009776 seconds 
========================================================================
Received Import Request.
  Time since last request: 8.410953 seconds.
  path: Assets/Audio/GetFlag.mp3
  artifactKey: Guid(29cafd7d22bad3b47995c346e7da8e78) Importer(815301076,1909f56bfc062723c751e8b465ee728b)
Start importing Assets/Audio/GetFlag.mp3 using Guid(29cafd7d22bad3b47995c346e7da8e78) Importer(815301076,1909f56bfc062723c751e8b465ee728b)  -> (artifact id: 'c1f42a1a4beea6473d4c544b2b0a334b') in 0.036707 seconds 
========================================================================
Received Import Request.
  Time since last request: 7.489026 seconds.
  path: Assets/Audio/EatBurger.mp3
  artifactKey: Guid(8ef9e36acc1fffd47bd040e9fd21fdd8) Importer(815301076,1909f56bfc062723c751e8b465ee728b)
Start importing Assets/Audio/EatBurger.mp3 using Guid(8ef9e36acc1fffd47bd040e9fd21fdd8) Importer(815301076,1909f56bfc062723c751e8b465ee728b)  -> (artifact id: 'd61ce8c7f33c59f7f0f2924bac6acef2') in 0.005418 seconds 
========================================================================
Received Prepare
Registering precompiled user dll's ...
Registered in 0.002868 seconds.
Begin MonoManager ReloadAssembly
Symbol file LoadedFromMemory doesn't match image C:\Users\owner\Desktop\MazeRepository\Maze\Library\PackageCache\com.unity.visualscripting@1.8.0\Editor\VisualScripting.Core\Dependencies\YamlDotNet\Unity.VisualScripting.YamlDotNet.dll
Symbol file LoadedFromMemory doesn't match image C:\Users\owner\Desktop\MazeRepository\Maze\Library\PackageCache\com.unity.visualscripting@1.8.0\Editor\VisualScripting.Core\Dependencies\DotNetZip\Unity.VisualScripting.IonicZip.dll
Native extension for WindowsStandalone target not found
Refreshing native plugins compatible for Editor in 0.42 ms, found 5 plugins.
Preloading 0 native plugins for Editor in 0.00 ms.
Mono: successfully reloaded assembly
- Completed reload, in  0.775 seconds
Domain Reload Profiling:
	ReloadAssembly (775ms)
		BeginReloadAssembly (126ms)
			ExecutionOrderSort (0ms)
			DisableScriptedObjects (5ms)
			BackupInstance (0ms)
			ReleaseScriptingObjects (0ms)
			CreateAndSetChildDomain (33ms)
		EndReloadAssembly (572ms)
			LoadAssemblies (71ms)
			RebuildTransferFunctionScriptingTraits (0ms)
			SetupTypeCache (200ms)
			ReleaseScriptCaches (1ms)
			RebuildScriptCaches (33ms)
			SetupLoadedEditorAssemblies (246ms)
				LogAssemblyErrors (0ms)
				InitializePlatformSupportModulesInManaged (3ms)
				SetLoadedEditorAssemblies (0ms)
				RefreshPlugins (0ms)
				BeforeProcessingInitializeOnLoad (46ms)
				ProcessInitializeOnLoadAttributes (175ms)
				ProcessInitializeOnLoadMethodAttributes (13ms)
				AfterProcessingInitializeOnLoad (6ms)
				EditorAssembliesLoaded (0ms)
			ExecutionOrderSort2 (0ms)
			AwakeInstancesAfterBackupRestoration (6ms)
Platform modules already initialized, skipping
Refreshing native plugins compatible for Editor in 2.07 ms, found 5 plugins.
Preloading 0 native plugins for Editor in 0.00 ms.
Unloading 3267 Unused Serialized files (Serialized files now loaded: 0)
Unloading 80 unused Assets / (10.4 MB). Loaded Objects now: 3809.
Memory consumption went from 160.8 MB to 150.4 MB.
Total: 7.822200 ms (FindLiveObjects: 0.267400 ms CreateObjectMapping: 0.143100 ms MarkObjects: 1.945400 ms  DeleteObjects: 5.465300 ms)

AssetImportParameters requested are different than current active one (requested -> active):
  custom:video-decoder-ogg-theora: a1e56fd34408186e4bbccfd4996cb3dc -> 
  custom:container-muxer-webm: aa71ff27fc2769a1b78a27578f13a17b -> 
  custom:container-demuxer-webm: 4f35f7cbe854078d1ac9338744f61a02 -> 
  custom:video-encoder-webm-vp8: eb34c28f22e8b96e1ab97ce403110664 -> 
  custom:audio-encoder-webm-vorbis: bf7c407c2cedff20999df2af8eb42d56 -> 
  custom:framework-win-MediaFoundation: 216162199b28c13a410421893ffa2e32 -> 
  custom:container-demuxer-ogg: 62fdf1f143b41e24485cea50d1cbac27 -> 
  custom:video-decoder-webm-vp8: 9c59270c3fd7afecdb556c50c9e8de78 -> 
  custom:audio-decoder-ogg-vorbis: bf7c407c2cedff20999df2af8eb42d56 -> 
========================================================================
Received Prepare
Registering precompiled user dll's ...
Registered in 0.004443 seconds.
Begin MonoManager ReloadAssembly
Symbol file LoadedFromMemory doesn't match image C:\Users\owner\Desktop\MazeRepository\Maze\Library\PackageCache\com.unity.visualscripting@1.8.0\Editor\VisualScripting.Core\Dependencies\YamlDotNet\Unity.VisualScripting.YamlDotNet.dll
Symbol file LoadedFromMemory doesn't match image C:\Users\owner\Desktop\MazeRepository\Maze\Library\PackageCache\com.unity.visualscripting@1.8.0\Editor\VisualScripting.Core\Dependencies\DotNetZip\Unity.VisualScripting.IonicZip.dll
Native extension for WindowsStandalone target not found
Refreshing native plugins compatible for Editor in 0.59 ms, found 5 plugins.
Preloading 0 native plugins for Editor in 0.00 ms.
Mono: successfully reloaded assembly
- Completed reload, in  0.805 seconds
Domain Reload Profiling:
	ReloadAssembly (806ms)
		BeginReloadAssembly (121ms)
			ExecutionOrderSort (0ms)
			DisableScriptedObjects (4ms)
			BackupInstance (0ms)
			ReleaseScriptingObjects (0ms)
			CreateAndSetChildDomain (30ms)
		EndReloadAssembly (612ms)
			LoadAssemblies (74ms)
			RebuildTransferFunctionScriptingTraits (0ms)
			SetupTypeCache (227ms)
			ReleaseScriptCaches (2ms)
			RebuildScriptCaches (41ms)
			SetupLoadedEditorAssemblies (239ms)
				LogAssemblyErrors (0ms)
				InitializePlatformSupportModulesInManaged (5ms)
				SetLoadedEditorAssemblies (1ms)
				RefreshPlugins (1ms)
				BeforeProcessingInitializeOnLoad (51ms)
				ProcessInitializeOnLoadAttributes (159ms)
				ProcessInitializeOnLoadMethodAttributes (15ms)
				AfterProcessingInitializeOnLoad (7ms)
				EditorAssembliesLoaded (0ms)
			ExecutionOrderSort2 (0ms)
			AwakeInstancesAfterBackupRestoration (6ms)
Platform modules already initialized, skipping
Refreshing native plugins compatible for Editor in 1.36 ms, found 5 plugins.
Preloading 0 native plugins for Editor in 0.00 ms.
Unloading 3267 Unused Serialized files (Serialized files now loaded: 0)
Unloading 80 unused Assets / (10.2 MB). Loaded Objects now: 3812.
Memory consumption went from 160.6 MB to 150.4 MB.
Total: 5.850600 ms (FindLiveObjects: 0.182900 ms CreateObjectMapping: 0.073600 ms MarkObjects: 1.657500 ms  DeleteObjects: 3.935600 ms)

AssetImportParameters requested are different than current active one (requested -> active):
  custom:video-decoder-ogg-theora: a1e56fd34408186e4bbccfd4996cb3dc -> 
  custom:container-muxer-webm: aa71ff27fc2769a1b78a27578f13a17b -> 
  custom:container-demuxer-webm: 4f35f7cbe854078d1ac9338744f61a02 -> 
  custom:video-encoder-webm-vp8: eb34c28f22e8b96e1ab97ce403110664 -> 
  custom:audio-encoder-webm-vorbis: bf7c407c2cedff20999df2af8eb42d56 -> 
  custom:framework-win-MediaFoundation: 216162199b28c13a410421893ffa2e32 -> 
  custom:container-demuxer-ogg: 62fdf1f143b41e24485cea50d1cbac27 -> 
  custom:video-decoder-webm-vp8: 9c59270c3fd7afecdb556c50c9e8de78 -> 
  custom:audio-decoder-ogg-vorbis: bf7c407c2cedff20999df2af8eb42d56 -> 
========================================================================
Received Prepare
Registering precompiled user dll's ...
Registered in 0.003037 seconds.
Begin MonoManager ReloadAssembly
Symbol file LoadedFromMemory doesn't match image C:\Users\owner\Desktop\MazeRepository\Maze\Library\PackageCache\com.unity.visualscripting@1.8.0\Editor\VisualScripting.Core\Dependencies\YamlDotNet\Unity.VisualScripting.YamlDotNet.dll
Symbol file LoadedFromMemory doesn't match image C:\Users\owner\Desktop\MazeRepository\Maze\Library\PackageCache\com.unity.visualscripting@1.8.0\Editor\VisualScripting.Core\Dependencies\DotNetZip\Unity.VisualScripting.IonicZip.dll
Native extension for WindowsStandalone target not found
Refreshing native plugins compatible for Editor in 0.43 ms, found 5 plugins.
Preloading 0 native plugins for Editor in 0.00 ms.
Mono: successfully reloaded assembly
- Completed reload, in  0.741 seconds
Domain Reload Profiling:
	ReloadAssembly (742ms)
		BeginReloadAssembly (113ms)
			ExecutionOrderSort (0ms)
			DisableScriptedObjects (4ms)
			BackupInstance (0ms)
			ReleaseScriptingObjects (0ms)
			CreateAndSetChildDomain (25ms)
		EndReloadAssembly (551ms)
			LoadAssemblies (70ms)
			RebuildTransferFunctionScriptingTraits (0ms)
			SetupTypeCache (195ms)
			ReleaseScriptCaches (1ms)
			RebuildScriptCaches (34ms)
			SetupLoadedEditorAssemblies (232ms)
				LogAssemblyErrors (0ms)
				InitializePlatformSupportModulesInManaged (3ms)
				SetLoadedEditorAssemblies (0ms)
				RefreshPlugins (0ms)
				BeforeProcessingInitializeOnLoad (48ms)
				ProcessInitializeOnLoadAttributes (160ms)
				ProcessInitializeOnLoadMethodAttributes (14ms)
				AfterProcessingInitializeOnLoad (5ms)
				EditorAssembliesLoaded (0ms)
			ExecutionOrderSort2 (0ms)
			AwakeInstancesAfterBackupRestoration (5ms)
Platform modules already initialized, skipping
Refreshing native plugins compatible for Editor in 1.48 ms, found 5 plugins.
Preloading 0 native plugins for Editor in 0.00 ms.
Unloading 3267 Unused Serialized files (Serialized files now loaded: 0)
Unloading 80 unused Assets / (10.4 MB). Loaded Objects now: 3815.
Memory consumption went from 160.8 MB to 150.4 MB.
Total: 6.321400 ms (FindLiveObjects: 0.242600 ms CreateObjectMapping: 0.114300 ms MarkObjects: 1.855600 ms  DeleteObjects: 4.107700 ms)

AssetImportParameters requested are different than current active one (requested -> active):
  custom:video-decoder-ogg-theora: a1e56fd34408186e4bbccfd4996cb3dc -> 
  custom:container-muxer-webm: aa71ff27fc2769a1b78a27578f13a17b -> 
  custom:container-demuxer-webm: 4f35f7cbe854078d1ac9338744f61a02 -> 
  custom:video-encoder-webm-vp8: eb34c28f22e8b96e1ab97ce403110664 -> 
  custom:audio-encoder-webm-vorbis: bf7c407c2cedff20999df2af8eb42d56 -> 
  custom:framework-win-MediaFoundation: 216162199b28c13a410421893ffa2e32 -> 
  custom:container-demuxer-ogg: 62fdf1f143b41e24485cea50d1cbac27 -> 
  custom:video-decoder-webm-vp8: 9c59270c3fd7afecdb556c50c9e8de78 -> 
  custom:audio-decoder-ogg-vorbis: bf7c407c2cedff20999df2af8eb42d56 -> 
========================================================================
Received Prepare
Registering precompiled user dll's ...
Registered in 0.003335 seconds.
Begin MonoManager ReloadAssembly
Symbol file LoadedFromMemory doesn't match image C:\Users\owner\Desktop\MazeRepository\Maze\Library\PackageCache\com.unity.visualscripting@1.8.0\Editor\VisualScripting.Core\Dependencies\YamlDotNet\Unity.VisualScripting.YamlDotNet.dll
Symbol file LoadedFromMemory doesn't match image C:\Users\owner\Desktop\MazeRepository\Maze\Library\PackageCache\com.unity.visualscripting@1.8.0\Editor\VisualScripting.Core\Dependencies\DotNetZip\Unity.VisualScripting.IonicZip.dll
Native extension for WindowsStandalone target not found
Refreshing native plugins compatible for Editor in 0.42 ms, found 5 plugins.
Preloading 0 native plugins for Editor in 0.00 ms.
Mono: successfully reloaded assembly
- Completed reload, in  0.700 seconds
Domain Reload Profiling:
	ReloadAssembly (701ms)
		BeginReloadAssembly (110ms)
			ExecutionOrderSort (0ms)
			DisableScriptedObjects (5ms)
			BackupInstance (0ms)
			ReleaseScriptingObjects (0ms)
			CreateAndSetChildDomain (25ms)
		EndReloadAssembly (523ms)
			LoadAssemblies (67ms)
			RebuildTransferFunctionScriptingTraits (0ms)
			SetupTypeCache (183ms)
			ReleaseScriptCaches (1ms)
			RebuildScriptCaches (29ms)
			SetupLoadedEditorAssemblies (223ms)
				LogAssemblyErrors (0ms)
				InitializePlatformSupportModulesInManaged (4ms)
				SetLoadedEditorAssemblies (0ms)
				RefreshPlugins (0ms)
				BeforeProcessingInitializeOnLoad (47ms)
				ProcessInitializeOnLoadAttributes (149ms)
				ProcessInitializeOnLoadMethodAttributes (18ms)
				AfterProcessingInitializeOnLoad (4ms)
				EditorAssembliesLoaded (0ms)
			ExecutionOrderSort2 (0ms)
			AwakeInstancesAfterBackupRestoration (6ms)
Platform modules already initialized, skipping
Refreshing native plugins compatible for Editor in 2.02 ms, found 5 plugins.
Preloading 0 native plugins for Editor in 0.00 ms.
Unloading 3267 Unused Serialized files (Serialized files now loaded: 0)
Unloading 80 unused Assets / (10.1 MB). Loaded Objects now: 3818.
Memory consumption went from 160.5 MB to 150.4 MB.
Total: 6.659500 ms (FindLiveObjects: 0.197600 ms CreateObjectMapping: 0.089000 ms MarkObjects: 1.808400 ms  DeleteObjects: 4.563400 ms)

AssetImportParameters requested are different than current active one (requested -> active):
  custom:video-decoder-ogg-theora: a1e56fd34408186e4bbccfd4996cb3dc -> 
  custom:container-muxer-webm: aa71ff27fc2769a1b78a27578f13a17b -> 
  custom:container-demuxer-webm: 4f35f7cbe854078d1ac9338744f61a02 -> 
  custom:video-encoder-webm-vp8: eb34c28f22e8b96e1ab97ce403110664 -> 
  custom:audio-encoder-webm-vorbis: bf7c407c2cedff20999df2af8eb42d56 -> 
  custom:framework-win-MediaFoundation: 216162199b28c13a410421893ffa2e32 -> 
  custom:container-demuxer-ogg: 62fdf1f143b41e24485cea50d1cbac27 -> 
  custom:video-decoder-webm-vp8: 9c59270c3fd7afecdb556c50c9e8de78 -> 
  custom:audio-decoder-ogg-vorbis: bf7c407c2cedff20999df2af8eb42d56 -> 
========================================================================
Received Prepare
Registering precompiled user dll's ...
Registered in 0.004263 seconds.
Begin MonoManager ReloadAssembly
Symbol file LoadedFromMemory doesn't match image C:\Users\owner\Desktop\MazeRepository\Maze\Library\PackageCache\com.unity.visualscripting@1.8.0\Editor\VisualScripting.Core\Dependencies\YamlDotNet\Unity.VisualScripting.YamlDotNet.dll
Symbol file LoadedFromMemory doesn't match image C:\Users\owner\Desktop\MazeRepository\Maze\Library\PackageCache\com.unity.visualscripting@1.8.0\Editor\VisualScripting.Core\Dependencies\DotNetZip\Unity.VisualScripting.IonicZip.dll
Native extension for WindowsStandalone target not found
Refreshing native plugins compatible for Editor in 0.44 ms, found 5 plugins.
Preloading 0 native plugins for Editor in 0.00 ms.
Mono: successfully reloaded assembly
- Completed reload, in  0.708 seconds
Domain Reload Profiling:
	ReloadAssembly (709ms)
		BeginReloadAssembly (104ms)
			ExecutionOrderSort (0ms)
			DisableScriptedObjects (3ms)
			BackupInstance (0ms)
			ReleaseScriptingObjects (0ms)
			CreateAndSetChildDomain (24ms)
		EndReloadAssembly (527ms)
			LoadAssemblies (60ms)
			RebuildTransferFunctionScriptingTraits (0ms)
			SetupTypeCache (191ms)
			ReleaseScriptCaches (2ms)
			RebuildScriptCaches (29ms)
			SetupLoadedEditorAssemblies (213ms)
				LogAssemblyErrors (0ms)
				InitializePlatformSupportModulesInManaged (3ms)
				SetLoadedEditorAssemblies (0ms)
				RefreshPlugins (0ms)
				BeforeProcessingInitializeOnLoad (57ms)
				ProcessInitializeOnLoadAttributes (134ms)
				ProcessInitializeOnLoadMethodAttributes (13ms)
				AfterProcessingInitializeOnLoad (4ms)
				EditorAssembliesLoaded (0ms)
			ExecutionOrderSort2 (0ms)
			AwakeInstancesAfterBackupRestoration (5ms)
Platform modules already initialized, skipping
Refreshing native plugins compatible for Editor in 1.72 ms, found 5 plugins.
Preloading 0 native plugins for Editor in 0.00 ms.
Unloading 3267 Unused Serialized files (Serialized files now loaded: 0)
Unloading 80 unused Assets / (10.6 MB). Loaded Objects now: 3821.
Memory consumption went from 161.0 MB to 150.4 MB.
Total: 6.606900 ms (FindLiveObjects: 0.267800 ms CreateObjectMapping: 0.306500 ms MarkObjects: 1.781800 ms  DeleteObjects: 4.249800 ms)

AssetImportParameters requested are different than current active one (requested -> active):
  custom:video-decoder-ogg-theora: a1e56fd34408186e4bbccfd4996cb3dc -> 
  custom:container-muxer-webm: aa71ff27fc2769a1b78a27578f13a17b -> 
  custom:container-demuxer-webm: 4f35f7cbe854078d1ac9338744f61a02 -> 
  custom:video-encoder-webm-vp8: eb34c28f22e8b96e1ab97ce403110664 -> 
  custom:audio-encoder-webm-vorbis: bf7c407c2cedff20999df2af8eb42d56 -> 
  custom:framework-win-MediaFoundation: 216162199b28c13a410421893ffa2e32 -> 
  custom:container-demuxer-ogg: 62fdf1f143b41e24485cea50d1cbac27 -> 
  custom:video-decoder-webm-vp8: 9c59270c3fd7afecdb556c50c9e8de78 -> 
  custom:audio-decoder-ogg-vorbis: bf7c407c2cedff20999df2af8eb42d56 -> 
